# JRE version: Java(TM) SE Runtime Environment (8.0_77-b03) (build 1.8.0_77-b03)
# Java VM: Java HotSpot(TM) 64-Bit Server VM (25.77-b03 mixed mode windows-amd64 compressed oops)
Heap:
 PSYoungGen      total 286720K, used 191627K [0x00000000ed780000, 0x0000000100000000, 0x0000000100000000)
  eden space 269824K, 71% used [0x00000000ed780000,0x00000000f92a2ea0,0x00000000fdf00000)
  from space 16896K, 0% used [0x00000000fdf00000,0x00000000fdf00000,0x00000000fef80000)
  to   space 16896K, 0% used [0x00000000fef80000,0x00000000fef80000,0x0000000100000000)
 ParOldGen       total 74240K, used 33510K [0x00000000c8600000, 0x00000000cce80000, 0x00000000ed780000)
  object space 74240K, 45% used [0x00000000c8600000,0x00000000ca6b9a08,0x00000000cce80000)
 Metaspace       used 60140K, capacity 60692K, committed 61184K, reserved 1101824K
  class space    used 7663K, capacity 7810K, committed 7936K, reserved 1048576K
GC Heap History (10 events):
Event: 22.487 GC heap before
{Heap before GC invocations=14 (full 2):
 PSYoungGen      total 263168K, used 3539K [0x00000000ed780000, 0x00000000fe780000, 0x0000000100000000)
  eden space 251904K, 0% used [0x00000000ed780000,0x00000000ed780000,0x00000000fcd80000)
  from space 11264K, 31% used [0x00000000fdc80000,0x00000000fdff4d90,0x00000000fe780000)
  to   space 13312K, 0% used [0x00000000fcd80000,0x00000000fcd80000,0x00000000fda80000)
 ParOldGen       total 27136K, used 24318K [0x00000000c8600000, 0x00000000ca080000, 0x00000000ed780000)
  object space 27136K, 89% used [0x00000000c8600000,0x00000000c9dbf9d8,0x00000000ca080000)
 Metaspace       used 35070K, capacity 35362K, committed 35496K, reserved 1081344K
  class space    used 4234K, capacity 4324K, committed 4352K, reserved 1048576K
Event: 22.733 GC heap after
Heap after GC invocations=14 (full 2):
 PSYoungGen      total 263168K, used 0K [0x00000000ed780000, 0x00000000fe780000, 0x0000000100000000)
  eden space 251904K, 0% used [0x00000000ed780000,0x00000000ed780000,0x00000000fcd80000)
  from space 11264K, 0% used [0x00000000fdc80000,0x00000000fdc80000,0x00000000fe780000)
  to   space 13312K, 0% used [0x00000000fcd80000,0x00000000fcd80000,0x00000000fda80000)
 ParOldGen       total 54272K, used 21813K [0x00000000c8600000, 0x00000000cbb00000, 0x00000000ed780000)
  object space 54272K, 40% used [0x00000000c8600000,0x00000000c9b4d4c0,0x00000000cbb00000)
 Metaspace       used 35070K, capacity 35362K, committed 35496K, reserved 1081344K
  class space    used 4234K, capacity 4324K, committed 4352K, reserved 1048576K
}
Event: 27.974 GC heap before
{Heap before GC invocations=15 (full 2):
 PSYoungGen      total 263168K, used 251904K [0x00000000ed780000, 0x00000000fe780000, 0x0000000100000000)
  eden space 251904K, 100% used [0x00000000ed780000,0x00000000fcd80000,0x00000000fcd80000)
  from space 11264K, 0% used [0x00000000fdc80000,0x00000000fdc80000,0x00000000fe780000)
  to   space 13312K, 0% used [0x00000000fcd80000,0x00000000fcd80000,0x00000000fda80000)
 ParOldGen       total 54272K, used 21813K [0x00000000c8600000, 0x00000000cbb00000, 0x00000000ed780000)
  object space 54272K, 40% used [0x00000000c8600000,0x00000000c9b4d4c0,0x00000000cbb00000)
 Metaspace       used 46959K, capacity 47320K, committed 47616K, reserved 1091584K
  class space    used 5976K, capacity 6061K, committed 6144K, reserved 1048576K
Event: 28.063 GC heap after
Heap after GC invocations=15 (full 2):
 PSYoungGen      total 265216K, used 13297K [0x00000000ed780000, 0x0000000100000000, 0x0000000100000000)
  eden space 251904K, 0% used [0x00000000ed780000,0x00000000ed780000,0x00000000fcd80000)
  from space 13312K, 99% used [0x00000000fcd80000,0x00000000fda7c6a0,0x00000000fda80000)
  to   space 16384K, 0% used [0x00000000ff000000,0x00000000ff000000,0x0000000100000000)
 ParOldGen       total 54272K, used 25068K [0x00000000c8600000, 0x00000000cbb00000, 0x00000000ed780000)
  object space 54272K, 46% used [0x00000000c8600000,0x00000000c9e7b028,0x00000000cbb00000)
 Metaspace       used 46959K, capacity 47320K, committed 47616K, reserved 1091584K
  class space    used 5976K, capacity 6061K, committed 6144K, reserved 1048576K
}
Event: 36.872 GC heap before
{Heap before GC invocations=16 (full 2):
 PSYoungGen      total 265216K, used 265201K [0x00000000ed780000, 0x0000000100000000, 0x0000000100000000)
  eden space 251904K, 100% used [0x00000000ed780000,0x00000000fcd80000,0x00000000fcd80000)
  from space 13312K, 99% used [0x00000000fcd80000,0x00000000fda7c6a0,0x00000000fda80000)
  to   space 16384K, 0% used [0x00000000ff000000,0x00000000ff000000,0x0000000100000000)
 ParOldGen       total 54272K, used 25068K [0x00000000c8600000, 0x00000000cbb00000, 0x00000000ed780000)
  object space 54272K, 46% used [0x00000000c8600000,0x00000000c9e7b028,0x00000000cbb00000)
 Metaspace       used 50421K, capacity 50862K, committed 51200K, reserved 1093632K
  class space    used 6401K, capacity 6534K, committed 6656K, reserved 1048576K
Event: 37.030 GC heap after
Heap after GC invocations=16 (full 2):
 PSYoungGen      total 286208K, used 10460K [0x00000000ed780000, 0x0000000100000000, 0x0000000100000000)
  eden space 269824K, 0% used [0x00000000ed780000,0x00000000ed780000,0x00000000fdf00000)
  from space 16384K, 63% used [0x00000000ff000000,0x00000000ffa37268,0x0000000100000000)
  to   space 16896K, 0% used [0x00000000fdf00000,0x00000000fdf00000,0x00000000fef80000)
 ParOldGen       total 54272K, used 31792K [0x00000000c8600000, 0x00000000cbb00000, 0x00000000ed780000)
  object space 54272K, 58% used [0x00000000c8600000,0x00000000ca50c098,0x00000000cbb00000)
 Metaspace       used 50421K, capacity 50862K, committed 51200K, reserved 1093632K
  class space    used 6401K, capacity 6534K, committed 6656K, reserved 1048576K
}
Event: 41.165 GC heap before
{Heap before GC invocations=17 (full 2):
 PSYoungGen      total 286208K, used 131687K [0x00000000ed780000, 0x0000000100000000, 0x0000000100000000)
  eden space 269824K, 44% used [0x00000000ed780000,0x00000000f4de2a88,0x00000000fdf00000)
  from space 16384K, 63% used [0x00000000ff000000,0x00000000ffa37268,0x0000000100000000)
  to   space 16896K, 0% used [0x00000000fdf00000,0x00000000fdf00000,0x00000000fef80000)
 ParOldGen       total 54272K, used 31792K [0x00000000c8600000, 0x00000000cbb00000, 0x00000000ed780000)
  object space 54272K, 58% used [0x00000000c8600000,0x00000000ca50c098,0x00000000cbb00000)
 Metaspace       used 58319K, capacity 58794K, committed 59136K, reserved 1101824K
  class space    used 7487K, capacity 7611K, committed 7680K, reserved 1048576K
Event: 41.215 GC heap after
Heap after GC invocations=17 (full 2):
 PSYoungGen      total 286720K, used 9297K [0x00000000ed780000, 0x0000000100000000, 0x0000000100000000)
  eden space 269824K, 0% used [0x00000000ed780000,0x00000000ed780000,0x00000000fdf00000)
  from space 16896K, 55% used [0x00000000fdf00000,0x00000000fe8146d0,0x00000000fef80000)
  to   space 16896K, 0% used [0x00000000fef80000,0x00000000fef80000,0x0000000100000000)
 ParOldGen       total 54272K, used 36828K [0x00000000c8600000, 0x00000000cbb00000, 0x00000000ed780000)
  object space 54272K, 67% used [0x00000000c8600000,0x00000000ca9f70e8,0x00000000cbb00000)
 Metaspace       used 58319K, capacity 58794K, committed 59136K, reserved 1101824K
  class space    used 7487K, capacity 7611K, committed 7680K, reserved 1048576K
}
Event: 41.215 GC heap before
{Heap before GC invocations=18 (full 3):
 PSYoungGen      total 286720K, used 9297K [0x00000000ed780000, 0x0000000100000000, 0x0000000100000000)
  eden space 269824K, 0% used [0x00000000ed780000,0x00000000ed780000,0x00000000fdf00000)
  from space 16896K, 55% used [0x00000000fdf00000,0x00000000fe8146d0,0x00000000fef80000)
  to   space 16896K, 0% used [0x00000000fef80000,0x00000000fef80000,0x0000000100000000)
 ParOldGen       total 54272K, used 36828K [0x00000000c8600000, 0x00000000cbb00000, 0x00000000ed780000)
  object space 54272K, 67% used [0x00000000c8600000,0x00000000ca9f70e8,0x00000000cbb00000)
 Metaspace       used 58319K, capacity 58794K, committed 59136K, reserved 1101824K
  class space    used 7487K, capacity 7611K, committed 7680K, reserved 1048576K
Event: 41.585 GC heap after
Heap after GC invocations=18 (full 3):
 PSYoungGen      total 286720K, used 0K [0x00000000ed780000, 0x0000000100000000, 0x0000000100000000)
  eden space 269824K, 0% used [0x00000000ed780000,0x00000000ed780000,0x00000000fdf00000)
  from space 16896K, 0% used [0x00000000fdf00000,0x00000000fdf00000,0x00000000fef80000)
  to   space 16896K, 0% used [0x00000000fef80000,0x00000000fef80000,0x0000000100000000)
 ParOldGen       total 74240K, used 33510K [0x00000000c8600000, 0x00000000cce80000, 0x00000000ed780000)
  object space 74240K, 45% used [0x00000000c8600000,0x00000000ca6b9a08,0x00000000cce80000)
 Metaspace       used 58319K, capacity 58794K, committed 59136K, reserved 1101824K
  class space    used 7487K, capacity 7611K, committed 7680K, reserved 1048576K
}

